<?xml version="1.0" encoding="UTF-8"?>
<!-- Generated by org.testng.reporters.JUnitReportReporter -->
<testsuite hostname="LTIN343480" failures="0" tests="1" name="testCase.TC_003_CorporateHealthAndWellness_InvalidDetails" time="59.667" errors="0" timestamp="2024-02-15T16:00:49 IST" skipped="0">
  <testcase classname="testCase.TC_003_CorporateHealthAndWellness_InvalidDetails" name="checkingInvalidDetails" time="59.667"/>
</testsuite> <!-- testCase.TC_003_CorporateHealthAndWellness_InvalidDetails -->
