<?xml version="1.0" encoding="UTF-8"?>
<!-- Generated by org.testng.reporters.JUnitReportReporter -->
<testsuite hostname="LTIN343480" failures="0" tests="7" name="testCase.TC_002_CaptureSurgeries" time="21.967" errors="0" timestamp="2024-02-16T16:14:21 IST" skipped="0">
  <testcase classname="testCase.TC_002_CaptureSurgeries" name="CapturePopularSurgeries" time="5.331"/>
  <testcase classname="testCase.TC_002_CaptureSurgeries" name="GeneralSurgeries" time="3.464"/>
  <testcase classname="testCase.TC_002_CaptureSurgeries" name="ProctologySurgeries" time="2.746"/>
  <testcase classname="testCase.TC_002_CaptureSurgeries" name="OphthamologySurgeries" time="2.297"/>
  <testcase classname="testCase.TC_002_CaptureSurgeries" name="UrologySurgeries" time="3.280"/>
  <testcase classname="testCase.TC_002_CaptureSurgeries" name="CosmeticSurgeries" time="2.431"/>
  <testcase classname="testCase.TC_002_CaptureSurgeries" name="OrthopedicsSurgeries" time="2.418"/>
</testsuite> <!-- testCase.TC_002_CaptureSurgeries -->
