<?xml version="1.0" encoding="UTF-8"?>
<!-- Generated by org.testng.reporters.JUnitReportReporter -->
<testsuite hostname="LTIN343480" failures="0" tests="1" name="testCase.TC_003_CorporateHealthAndWellness_InvalidDetails" time="34.108" errors="0" timestamp="2024-02-16T10:13:47 IST" skipped="0">
  <testcase classname="testCase.TC_003_CorporateHealthAndWellness_InvalidDetails" name="checkingInvalidDetails" time="34.108"/>
</testsuite> <!-- testCase.TC_003_CorporateHealthAndWellness_InvalidDetails -->
