<?xml version="1.0" encoding="UTF-8"?>
<!-- Generated by org.testng.reporters.JUnitReportReporter -->
<testsuite hostname="LTIN343480" failures="0" tests="2" name="testCase.TC_001_SearchingCardiologiests" time="25.808" errors="0" timestamp="2024-02-16T16:14:21 IST" skipped="0">
  <testcase classname="testCase.TC_001_SearchingCardiologiests" name="gettingCardiologiests" time="19.399"/>
  <testcase classname="testCase.TC_001_SearchingCardiologiests" name="SearchingCardiologiests" time="6.409"/>
</testsuite> <!-- testCase.TC_001_SearchingCardiologiests -->
