<?xml version="1.0" encoding="UTF-8"?>
<!-- Generated by org.testng.reporters.JUnitReportReporter -->
<testsuite hostname="LTIN343480" failures="0" tests="7" name="testCase.TC_002_CaptureSurgeries" time="37.763" errors="0" timestamp="2024-02-15T16:00:49 IST" skipped="0">
  <testcase classname="testCase.TC_002_CaptureSurgeries" name="CapturePopularSurgeries" time="22.632"/>
  <testcase classname="testCase.TC_002_CaptureSurgeries" name="GeneralSurgeries" time="3.696"/>
  <testcase classname="testCase.TC_002_CaptureSurgeries" name="ProctologySurgeries" time="2.011"/>
  <testcase classname="testCase.TC_002_CaptureSurgeries" name="OphthamologySurgeries" time="2.311"/>
  <testcase classname="testCase.TC_002_CaptureSurgeries" name="UrologySurgeries" time="2.725"/>
  <testcase classname="testCase.TC_002_CaptureSurgeries" name="CosmeticSurgeries" time="1.994"/>
  <testcase classname="testCase.TC_002_CaptureSurgeries" name="OrthopedicsSurgeries" time="2.394"/>
</testsuite> <!-- testCase.TC_002_CaptureSurgeries -->
