<?xml version="1.0" encoding="UTF-8"?>
<!-- Generated by org.testng.reporters.JUnitReportReporter -->
<testsuite hostname="LTIN343480" failures="0" tests="1" name="testCase.TC_004_CorporateHealthAndWellness_ValidDetails" time="79.744" errors="0" timestamp="2024-02-16T10:13:47 IST" skipped="0">
  <testcase classname="testCase.TC_004_CorporateHealthAndWellness_ValidDetails" name="checkingValidDetails" time="79.744"/>
</testsuite> <!-- testCase.TC_004_CorporateHealthAndWellness_ValidDetails -->
